# JRE version: OpenJDK Runtime Environment JBR-11.0.10.8-1145.96-jcef (11.0.10+8) (build 11.0.10+8-b1145.96)
# Java VM: OpenJDK 64-Bit Server VM JBR-11.0.10.8-1145.96-jcef (11.0.10+8-b1145.96, mixed mode, tiered, compressed oops, g1 gc, windows-amd64)
Heap:
 garbage-first heap   total 614400K, used 14091K [0x000000060d200000, 0x0000000800000000)
  region size 2048K, 5 young (10240K), 5 survivors (10240K)
 Metaspace       used 34474K, capacity 35793K, committed 35920K, reserved 1081344K
  class space    used 4331K, capacity 4844K, committed 4864K, reserved 1048576K
GC Heap History (9 events):
Event: 0.613 GC heap before
{Heap before GC invocations=0 (full 0):
 garbage-first heap   total 512000K, used 24576K [0x000000060d200000, 0x0000000800000000)
  region size 2048K, 12 young (24576K), 0 survivors (0K)
 Metaspace       used 15039K, capacity 15392K, committed 15616K, reserved 1062912K
  class space    used 1632K, capacity 1777K, committed 1792K, reserved 1048576K
}
Event: 0.617 GC heap after
{Heap after GC invocations=1 (full 0):
 garbage-first heap   total 512000K, used 4953K [0x000000060d200000, 0x0000000800000000)
  region size 2048K, 2 young (4096K), 2 survivors (4096K)
 Metaspace       used 15039K, capacity 15392K, committed 15616K, reserved 1062912K
  class space    used 1632K, capacity 1777K, committed 1792K, reserved 1048576K
}
Event: 0.786 GC heap before
{Heap before GC invocations=1 (full 0):
 garbage-first heap   total 512000K, used 29529K [0x000000060d200000, 0x0000000800000000)
  region size 2048K, 15 young (30720K), 2 survivors (4096K)
 Metaspace       used 20601K, capacity 21179K, committed 21296K, reserved 1069056K
  class space    used 2377K, capacity 2632K, committed 2688K, reserved 1048576K
}
Event: 0.790 GC heap after
{Heap after GC invocations=2 (full 0):
 garbage-first heap   total 512000K, used 6498K [0x000000060d200000, 0x0000000800000000)
  region size 2048K, 3 young (6144K), 3 survivors (6144K)
 Metaspace       used 20601K, capacity 21179K, committed 21296K, reserved 1069056K
  class space    used 2377K, capacity 2632K, committed 2688K, reserved 1048576K
}
Event: 0.996 GC heap before
{Heap before GC invocations=3 (full 0):
 garbage-first heap   total 512000K, used 39266K [0x000000060d200000, 0x0000000800000000)
  region size 2048K, 19 young (38912K), 3 survivors (6144K)
 Metaspace       used 24097K, capacity 24897K, committed 25136K, reserved 1071104K
  class space    used 2878K, capacity 3190K, committed 3200K, reserved 1048576K
}
Event: 0.999 GC heap after
{Heap after GC invocations=4 (full 0):
 garbage-first heap   total 512000K, used 8757K [0x000000060d200000, 0x0000000800000000)
  region size 2048K, 2 young (4096K), 2 survivors (4096K)
 Metaspace       used 24097K, capacity 24897K, committed 25136K, reserved 1071104K
  class space    used 2878K, capacity 3190K, committed 3200K, reserved 1048576K
}
Event: 1.396 GC heap before
{Heap before GC invocations=4 (full 0):
 garbage-first heap   total 512000K, used 62005K [0x000000060d200000, 0x0000000800000000)
  region size 2048K, 29 young (59392K), 2 survivors (4096K)
 Metaspace       used 31543K, capacity 32759K, committed 32944K, reserved 1077248K
  class space    used 3894K, capacity 4347K, committed 4352K, reserved 1048576K
}
Event: 1.400 GC heap after
{Heap after GC invocations=5 (full 0):
 garbage-first heap   total 512000K, used 11794K [0x000000060d200000, 0x0000000800000000)
  region size 2048K, 4 young (8192K), 4 survivors (8192K)
 Metaspace       used 31543K, capacity 32759K, committed 32944K, reserved 1077248K
  class space    used 3894K, capacity 4347K, committed 4352K, reserved 1048576K
}
Event: 1.589 GC heap before
{Heap before GC invocations=5 (full 0):
 garbage-first heap   total 512000K, used 34322K [0x000000060d200000, 0x0000000800000000)
  region size 2048K, 16 young (32768K), 4 survivors (8192K)
 Metaspace       used 34474K, capacity 35793K, committed 35920K, reserved 1081344K
  class space    used 4331K, capacity 4844K, committed 4864K, reserved 1048576K
}

